2025-05-30 10:04:47 - ========== NEW REQUEST ==========
2025-05-30 10:04:47 - REQUEST_METHOD: POST
2025-05-30 10:04:47 - REQUEST_URI: /Bikorwa/src/views/employes/paiement_process.php
2025-05-30 10:04:47 - CONTENT_TYPE: application/x-www-form-urlencoded
2025-05-30 10:04:47 - REQUEST DATA: Array
(
    [action] => add
    [employe_id] => 5
    [periode_debut] => 2025-05-30
    [periode_fin] => 2025-05-30
    [montant] => 1000000
    [date_paiement] => 2025-05-30T10:04
    [note] => 
)

2025-05-30 10:04:47 - POST DATA: Array
(
    [action] => add
    [employe_id] => 5
    [periode_debut] => 2025-05-30
    [periode_fin] => 2025-05-30
    [montant] => 1000000
    [date_paiement] => 2025-05-30T10:04
    [note] => 
)

2025-05-30 10:17:54 - ========== NEW REQUEST ==========
2025-05-30 10:17:54 - REQUEST_METHOD: POST
2025-05-30 10:17:54 - REQUEST_URI: /Bikorwa/src/views/employes/paiement_process.php
2025-05-30 10:17:54 - CONTENT_TYPE: application/x-www-form-urlencoded
2025-05-30 10:17:54 - REQUEST DATA: Array
(
    [action] => add
    [employe_id] => 5
    [periode_debut] => 2025-05-30
    [periode_fin] => 2025-05-30
    [montant] => 1
    [date_paiement] => 2025-05-30T10:17
    [note] => 
)

2025-05-30 10:17:54 - POST DATA: Array
(
    [action] => add
    [employe_id] => 5
    [periode_debut] => 2025-05-30
    [periode_fin] => 2025-05-30
    [montant] => 1
    [date_paiement] => 2025-05-30T10:17
    [note] => 
)

2025-05-30 10:22:07 - ========== NEW REQUEST ==========
2025-05-30 10:22:07 - REQUEST_METHOD: POST
2025-05-30 10:22:07 - REQUEST_URI: /Bikorwa/src/views/employes/paiement_process.php
2025-05-30 10:22:07 - CONTENT_TYPE: application/x-www-form-urlencoded
2025-05-30 10:22:07 - REQUEST DATA: Array
(
    [action] => add
    [employe_id] => 5
    [periode_debut] => 2025-05-30
    [periode_fin] => 2025-05-30
    [montant] => 1000000
    [date_paiement] => 2025-05-30T10:21
    [note] => 
)

2025-05-30 10:22:07 - POST DATA: Array
(
    [action] => add
    [employe_id] => 5
    [periode_debut] => 2025-05-30
    [periode_fin] => 2025-05-30
    [montant] => 1000000
    [date_paiement] => 2025-05-30T10:21
    [note] => 
)

2025-05-30 10:24:41 - ========== NEW REQUEST ==========
2025-05-30 10:24:41 - REQUEST_METHOD: POST
2025-05-30 10:24:41 - REQUEST_URI: /Bikorwa/src/views/employes/paiement_process.php
2025-05-30 10:24:41 - CONTENT_TYPE: application/x-www-form-urlencoded
2025-05-30 10:24:41 - REQUEST DATA: Array
(
    [action] => add
    [employe_id] => 5
    [periode_debut] => 2025-05-30
    [periode_fin] => 2025-05-30
    [montant] => 1000000
    [date_paiement] => 2025-05-30T10:24
    [note] => 
)

2025-05-30 10:24:41 - POST DATA: Array
(
    [action] => add
    [employe_id] => 5
    [periode_debut] => 2025-05-30
    [periode_fin] => 2025-05-30
    [montant] => 1000000
    [date_paiement] => 2025-05-30T10:24
    [note] => 
)

2025-05-30 10:32:10 - ========== NEW REQUEST ==========
2025-05-30 10:32:10 - REQUEST_METHOD: POST
2025-05-30 10:32:10 - REQUEST_URI: /Bikorwa/src/views/employes/paiement_process.php
2025-05-30 10:32:10 - CONTENT_TYPE: application/x-www-form-urlencoded
2025-05-30 10:32:10 - REQUEST DATA: Array
(
    [action] => add
    [employe_id] => 5
    [periode_debut] => 2025-05-30
    [periode_fin] => 2025-05-30
    [montant] => 10000
    [date_paiement] => 2025-05-23T10:32
    [note] => 
)

2025-05-30 10:32:10 - POST DATA: Array
(
    [action] => add
    [employe_id] => 5
    [periode_debut] => 2025-05-30
    [periode_fin] => 2025-05-30
    [montant] => 10000
    [date_paiement] => 2025-05-23T10:32
    [note] => 
)

2025-05-30 10:32:10 - Using current user ID from session: 1
2025-05-30 10:36:47 - ========== NEW REQUEST ==========
2025-05-30 10:36:47 - REQUEST_METHOD: POST
2025-05-30 10:36:47 - REQUEST_URI: /Bikorwa/src/views/employes/paiement_process.php
2025-05-30 10:36:47 - CONTENT_TYPE: application/x-www-form-urlencoded
2025-05-30 10:36:47 - REQUEST DATA: Array
(
    [action] => add
    [employe_id] => 5
    [periode_debut] => 2025-05-30
    [periode_fin] => 2025-05-30
    [montant] => 100000
    [date_paiement] => 2025-05-30T10:36
    [note] => 
)

2025-05-30 10:36:47 - POST DATA: Array
(
    [action] => add
    [employe_id] => 5
    [periode_debut] => 2025-05-30
    [periode_fin] => 2025-05-30
    [montant] => 100000
    [date_paiement] => 2025-05-30T10:36
    [note] => 
)

2025-05-30 10:36:47 - Using current user ID from session: 1
2025-05-30 10:36:53 - ========== NEW REQUEST ==========
2025-05-30 10:36:53 - REQUEST_METHOD: POST
2025-05-30 10:36:53 - REQUEST_URI: /Bikorwa/src/views/employes/paiement_process.php
2025-05-30 10:36:53 - CONTENT_TYPE: application/x-www-form-urlencoded
2025-05-30 10:36:53 - REQUEST DATA: Array
(
    [action] => add
    [employe_id] => 5
    [periode_debut] => 2025-05-30
    [periode_fin] => 2025-05-30
    [montant] => 100000
    [date_paiement] => 2025-05-30T10:36
    [note] => 
)

2025-05-30 10:36:53 - POST DATA: Array
(
    [action] => add
    [employe_id] => 5
    [periode_debut] => 2025-05-30
    [periode_fin] => 2025-05-30
    [montant] => 100000
    [date_paiement] => 2025-05-30T10:36
    [note] => 
)

2025-05-30 10:36:54 - Using current user ID from session: 1
2025-05-30 10:36:58 - ========== NEW REQUEST ==========
2025-05-30 10:36:58 - REQUEST_METHOD: POST
2025-05-30 10:36:58 - REQUEST_URI: /Bikorwa/src/views/employes/paiement_process.php
2025-05-30 10:36:58 - CONTENT_TYPE: application/x-www-form-urlencoded
2025-05-30 10:36:58 - REQUEST DATA: Array
(
    [action] => add
    [employe_id] => 5
    [periode_debut] => 2025-05-30
    [periode_fin] => 2025-05-30
    [montant] => 100000
    [date_paiement] => 2025-05-30T10:36
    [note] => 
)

2025-05-30 10:36:58 - POST DATA: Array
(
    [action] => add
    [employe_id] => 5
    [periode_debut] => 2025-05-30
    [periode_fin] => 2025-05-30
    [montant] => 100000
    [date_paiement] => 2025-05-30T10:36
    [note] => 
)

2025-05-30 10:36:58 - Using current user ID from session: 1
2025-05-30 10:37:48 - ========== NEW REQUEST ==========
2025-05-30 10:37:48 - REQUEST_METHOD: POST
2025-05-30 10:37:48 - REQUEST_URI: /Bikorwa/src/views/employes/paiement_process.php
2025-05-30 10:37:48 - CONTENT_TYPE: application/x-www-form-urlencoded
2025-05-30 10:37:48 - REQUEST DATA: Array
(
    [action] => add
    [employe_id] => 5
    [periode_debut] => 2025-05-30
    [periode_fin] => 2025-05-30
    [montant] => 100000
    [date_paiement] => 2025-05-30T10:36
    [note] => 
)

2025-05-30 10:37:48 - POST DATA: Array
(
    [action] => add
    [employe_id] => 5
    [periode_debut] => 2025-05-30
    [periode_fin] => 2025-05-30
    [montant] => 100000
    [date_paiement] => 2025-05-30T10:36
    [note] => 
)

2025-05-30 10:37:48 - Using current user ID from session: 1
2025-05-30 10:38:38 - ========== NEW REQUEST ==========
2025-05-30 10:38:38 - REQUEST_METHOD: POST
2025-05-30 10:38:38 - REQUEST_URI: /Bikorwa/src/views/employes/paiement_process.php
2025-05-30 10:38:38 - CONTENT_TYPE: application/x-www-form-urlencoded
2025-05-30 10:38:38 - REQUEST DATA: Array
(
    [action] => add
    [employe_id] => 5
    [periode_debut] => 2025-05-30
    [periode_fin] => 2025-05-30
    [montant] => 1000000
    [date_paiement] => 2025-05-30T10:38
    [note] => 
)

2025-05-30 10:38:38 - POST DATA: Array
(
    [action] => add
    [employe_id] => 5
    [periode_debut] => 2025-05-30
    [periode_fin] => 2025-05-30
    [montant] => 1000000
    [date_paiement] => 2025-05-30T10:38
    [note] => 
)

2025-05-30 10:38:38 - Using current user ID from session: 1
2025-05-30 10:48:08 - ========== NEW REQUEST ==========
2025-05-30 10:48:08 - REQUEST_METHOD: POST
2025-05-30 10:48:08 - REQUEST_URI: /Bikorwa/src/views/employes/paiement_process.php
2025-05-30 10:48:08 - CONTENT_TYPE: application/x-www-form-urlencoded
2025-05-30 10:48:08 - REQUEST DATA: Array
(
    [action] => add
    [employe_id] => 5
    [periode_debut] => 2025-05-30
    [periode_fin] => 2025-05-30
    [montant] => 100000
    [date_paiement] => 2025-05-30T10:48
    [note] => 
)

2025-05-30 10:48:08 - POST DATA: Array
(
    [action] => add
    [employe_id] => 5
    [periode_debut] => 2025-05-30
    [periode_fin] => 2025-05-30
    [montant] => 100000
    [date_paiement] => 2025-05-30T10:48
    [note] => 
)

2025-05-30 10:48:08 - Using current user ID from session: 1
2025-05-30 10:50:39 - ========== NEW REQUEST ==========
2025-05-30 10:50:39 - REQUEST_METHOD: POST
2025-05-30 10:50:39 - REQUEST_URI: /Bikorwa/src/views/employes/paiement_process.php
2025-05-30 10:50:39 - CONTENT_TYPE: application/x-www-form-urlencoded
2025-05-30 10:50:39 - REQUEST DATA: Array
(
    [action] => add
    [employe_id] => 5
    [periode_debut] => 2025-05-30
    [periode_fin] => 2025-05-30
    [montant] => 1000000
    [date_paiement] => 2025-05-30T10:50
    [note] => 
)

2025-05-30 10:50:39 - POST DATA: Array
(
    [action] => add
    [employe_id] => 5
    [periode_debut] => 2025-05-30
    [periode_fin] => 2025-05-30
    [montant] => 1000000
    [date_paiement] => 2025-05-30T10:50
    [note] => 
)

2025-05-30 10:50:39 - Using current user ID from session: 1
2025-05-30 11:20:45 - ========== NEW REQUEST ==========
2025-05-30 11:20:45 - REQUEST_METHOD: POST
2025-05-30 11:20:45 - REQUEST_URI: /Bikorwa/src/views/employes/paiement_process.php
2025-05-30 11:20:45 - CONTENT_TYPE: application/x-www-form-urlencoded
2025-05-30 11:20:45 - REQUEST DATA: Array
(
    [action] => add
    [employe_id] => 5
    [periode_debut] => 2025-05-30
    [periode_fin] => 2025-05-30
    [montant] => 1000000
    [date_paiement] => 2025-05-30T11:20
    [note] => 
)

2025-05-30 11:20:45 - POST DATA: Array
(
    [action] => add
    [employe_id] => 5
    [periode_debut] => 2025-05-30
    [periode_fin] => 2025-05-30
    [montant] => 1000000
    [date_paiement] => 2025-05-30T11:20
    [note] => 
)

2025-05-30 11:20:45 - Using current user ID from session: 1
2025-05-30 11:46:40 - ========== NEW REQUEST ==========
2025-05-30 11:46:40 - REQUEST_METHOD: GET
2025-05-30 11:46:40 - REQUEST_URI: /Bikorwa/src/views/employes/paiement_process.php?action=server_time
2025-05-30 11:46:40 - CONTENT_TYPE: application/json
2025-05-30 11:46:40 - REQUEST DATA: Array
(
    [action] => server_time
)

2025-05-30 11:46:40 - POST DATA: Array
(
)

2025-05-30 11:48:37 - ========== NEW REQUEST ==========
2025-05-30 11:48:37 - REQUEST_METHOD: GET
2025-05-30 11:48:37 - REQUEST_URI: /Bikorwa/src/views/employes/paiement_process.php?action=server_time
2025-05-30 11:48:37 - CONTENT_TYPE: application/json
2025-05-30 11:48:37 - REQUEST DATA: Array
(
    [action] => server_time
)

2025-05-30 11:48:37 - POST DATA: Array
(
)

2025-05-30 11:49:29 - ========== NEW REQUEST ==========
2025-05-30 11:49:29 - REQUEST_METHOD: POST
2025-05-30 11:49:29 - REQUEST_URI: /Bikorwa/src/views/employes/paiement_process.php
2025-05-30 11:49:29 - CONTENT_TYPE: application/x-www-form-urlencoded
2025-05-30 11:49:29 - REQUEST DATA: Array
(
    [action] => add
    [employe_id] => 5
    [periode_debut] => 2025-05-01
    [periode_fin] => 2025-05-31
    [montant] => 2000000.00
    [date_paiement] => 2025-05-29T11:48
    [note] => 
)

2025-05-30 11:49:29 - POST DATA: Array
(
    [action] => add
    [employe_id] => 5
    [periode_debut] => 2025-05-01
    [periode_fin] => 2025-05-31
    [montant] => 2000000.00
    [date_paiement] => 2025-05-29T11:48
    [note] => 
)

2025-05-30 11:49:29 - Using current user ID from session: 1
2025-05-30 11:49:39 - ========== NEW REQUEST ==========
2025-05-30 11:49:39 - REQUEST_METHOD: GET
2025-05-30 11:49:39 - REQUEST_URI: /Bikorwa/src/views/employes/paiement_process.php?action=server_time
2025-05-30 11:49:39 - CONTENT_TYPE: application/json
2025-05-30 11:49:39 - REQUEST DATA: Array
(
    [action] => server_time
)

2025-05-30 11:49:39 - POST DATA: Array
(
)

2025-05-30 11:50:09 - ========== NEW REQUEST ==========
2025-05-30 11:50:09 - REQUEST_METHOD: POST
2025-05-30 11:50:09 - REQUEST_URI: /Bikorwa/src/views/employes/paiement_process.php
2025-05-30 11:50:09 - CONTENT_TYPE: application/x-www-form-urlencoded
2025-05-30 11:50:09 - REQUEST DATA: Array
(
    [action] => add
    [employe_id] => 5
    [periode_debut] => 2025-05-30
    [periode_fin] => 2025-05-30
    [montant] => 1000000
    [date_paiement] => 2025-05-30T11:20
    [note] => 
)

2025-05-30 11:50:09 - POST DATA: Array
(
    [action] => add
    [employe_id] => 5
    [periode_debut] => 2025-05-30
    [periode_fin] => 2025-05-30
    [montant] => 1000000
    [date_paiement] => 2025-05-30T11:20
    [note] => 
)

2025-05-30 11:50:09 - Using current user ID from session: 1
2025-05-30 11:55:00 - ========== NEW REQUEST ==========
2025-05-30 11:55:00 - REQUEST_METHOD: GET
2025-05-30 11:55:00 - REQUEST_URI: /Bikorwa/src/views/employes/paiement_process.php?action=server_time
2025-05-30 11:55:00 - CONTENT_TYPE: application/json
2025-05-30 11:55:00 - REQUEST DATA: Array
(
    [action] => server_time
)

2025-05-30 11:55:00 - POST DATA: Array
(
)

2025-05-30 11:55:37 - ========== NEW REQUEST ==========
2025-05-30 11:55:37 - REQUEST_METHOD: POST
2025-05-30 11:55:37 - REQUEST_URI: /Bikorwa/src/views/employes/paiement_process.php
2025-05-30 11:55:37 - CONTENT_TYPE: application/x-www-form-urlencoded
2025-05-30 11:55:37 - REQUEST DATA: Array
(
    [action] => add
    [employe_id] => 5
    [periode_debut] => 2025-05-01
    [periode_fin] => 2025-05-31
    [montant] => 2000000.00
    [date_paiement] => 2025-05-30T11:55
    [note] => 
)

2025-05-30 11:55:37 - POST DATA: Array
(
    [action] => add
    [employe_id] => 5
    [periode_debut] => 2025-05-01
    [periode_fin] => 2025-05-31
    [montant] => 2000000.00
    [date_paiement] => 2025-05-30T11:55
    [note] => 
)

2025-05-30 11:55:37 - Using current user ID from session: 1
2025-05-30 11:55:49 - ========== NEW REQUEST ==========
2025-05-30 11:55:49 - REQUEST_METHOD: GET
2025-05-30 11:55:49 - REQUEST_URI: /Bikorwa/src/views/employes/paiement_process.php?action=server_time
2025-05-30 11:55:49 - CONTENT_TYPE: application/json
2025-05-30 11:55:49 - REQUEST DATA: Array
(
    [action] => server_time
)

2025-05-30 11:55:49 - POST DATA: Array
(
)

2025-05-30 11:56:14 - ========== NEW REQUEST ==========
2025-05-30 11:56:14 - REQUEST_METHOD: GET
2025-05-30 11:56:14 - REQUEST_URI: /Bikorwa/src/views/employes/paiement_process.php?action=server_time
2025-05-30 11:56:14 - CONTENT_TYPE: application/json
2025-05-30 11:56:14 - REQUEST DATA: Array
(
    [action] => server_time
)

2025-05-30 11:56:14 - POST DATA: Array
(
)

2025-06-01 17:16:13 - ========== NEW REQUEST ==========
2025-06-01 17:16:13 - REQUEST_METHOD: POST
2025-06-01 17:16:13 - REQUEST_URI: /Bikorwa/src/views/employes/paiement_process.php
2025-06-01 17:16:13 - CONTENT_TYPE: application/x-www-form-urlencoded
2025-06-01 17:16:13 - REQUEST DATA: Array
(
    [action] => add
    [employe_id] => 5
    [periode_debut] => 2025-05-30
    [periode_fin] => 2025-05-30
    [montant] => 1000000
    [date_paiement] => 2025-05-30T11:20
    [note] => 
)

2025-06-01 17:16:13 - POST DATA: Array
(
    [action] => add
    [employe_id] => 5
    [periode_debut] => 2025-05-30
    [periode_fin] => 2025-05-30
    [montant] => 1000000
    [date_paiement] => 2025-05-30T11:20
    [note] => 
)

2025-06-01 17:16:13 - Using current user ID from session: 1
